GpnsSdk/build/outputs/logs/manifest-merger-release-report.txt
-- Merging decision tree log ---
manifest
ADDED from GpnsSdk\AndroidManifest.xml:2:1-10:12
INJECTED from GpnsSdk\AndroidManifest.xml:2:1-10:12
INJECTED from GpnsSdk\AndroidManifest.xml:2:1-10:12
INJECTED from GpnsSdk\AndroidManifest.xml:2:1-10:12
INJECTED from GpnsSdk\AndroidManifest.xml:2:1-10:12
INJECTED from GpnsSdk\AndroidManifest.xml:2:1-10:12
INJECTED from GpnsSdk\AndroidManifest.xml:2:1-10:12
	package
		ADDED from GpnsSdk\AndroidManifest.xml:3:5-32
		INJECTED from GpnsSdk\AndroidManifest.xml
		INJECTED from GpnsSdk\AndroidManifest.xml
	android:versionName
		ADDED from GpnsSdk\AndroidManifest.xml:5:5-30
		INJECTED from GpnsSdk\AndroidManifest.xml
		INJECTED from GpnsSdk\AndroidManifest.xml
	xmlns:android
		ADDED from GpnsSdk\AndroidManifest.xml:2:11-69
	android:versionCode
		ADDED from GpnsSdk\AndroidManifest.xml:4:5-28
		INJECTED from GpnsSdk\AndroidManifest.xml
		INJECTED from GpnsSdk\AndroidManifest.xml
application
ADDED from GpnsSdk\AndroidManifest.xml:7:5-8:19
	android:persistent
		ADDED from GpnsSdk\AndroidManifest.xml:7:18-43
uses-sdk
INJECTED from GpnsSdk\AndroidManifest.xml reason: use-sdk injection requested
INJECTED from GpnsSdk\AndroidManifest.xml
INJECTED from GpnsSdk\AndroidManifest.xml
INJECTED from GpnsSdk\AndroidManifest.xml
INJECTED from GpnsSdk\AndroidManifest.xml
	android:targetSdkVersion
		INJECTED from GpnsSdk\AndroidManifest.xml
		ADDED from GpnsSdk\AndroidManifest.xml
		INJECTED from GpnsSdk\AndroidManifest.xml
	android:minSdkVersion
		INJECTED from GpnsSdk\AndroidManifest.xml
		ADDED from GpnsSdk\AndroidManifest.xml
		INJECTED from GpnsSdk\AndroidManifest.xml